This is pdfTeX, Version 3.141592653-2.6-1.40.26 (MiKTeX 24.4) (preloaded format=pdflatex 2024.6.20)  24 JUN 2024 11:23
entering extended mode
 restricted \write18 enabled.
 file:line:error style messages enabled.
 %&-line parsing enabled.
**"c:/Users/pad/OneDrive - St Andrews College/Documents/Maths/13 Extension calculus/Latex/Weekly assignments/main.tex"
(c:/Users/pad/OneDrive - St Andrews College/Documents/Maths/13 Extension calculus/Latex/Weekly assignments/main.tex
LaTeX2e <2024-06-01> patch level 1
L3 programming layer <2024-05-27>
(C:\Users\pad\AppData\Local\Programs\MiKTeX\tex/latex/base\article.cls
Document Class: article 2024/02/08 v1.4n Standard LaTeX document class
(C:\Users\pad\AppData\Local\Programs\MiKTeX\tex/latex/base\size12.clo
File: size12.clo 2024/02/08 v1.4n Standard LaTeX file (size option)
)
\c@part=\count194
\c@section=\count195
\c@subsection=\count196
\c@subsubsection=\count197
\c@paragraph=\count198
\c@subparagraph=\count199
\c@figure=\count266
\c@table=\count267
\abovecaptionskip=\skip49
\belowcaptionskip=\skip50
\bibindent=\dimen141
) (C:\Users\pad\AppData\Local\Programs\MiKTeX\tex/latex/graphics\graphicx.sty
Package: graphicx 2021/09/16 v1.2d Enhanced LaTeX Graphics (DPC,SPQR)
 (C:\Users\pad\AppData\Local\Programs\MiKTeX\tex/latex/graphics\keyval.sty
Package: keyval 2022/05/29 v1.15 key=value parser (DPC)
\KV@toks@=\toks17
) (C:\Users\pad\AppData\Local\Programs\MiKTeX\tex/latex/graphics\graphics.sty
Package: graphics 2024/05/23 v1.4g Standard LaTeX Graphics (DPC,SPQR)
 (C:\Users\pad\AppData\Local\Programs\MiKTeX\tex/latex/graphics\trig.sty
Package: trig 2023/12/02 v1.11 sin cos tan (DPC)
) (C:\Users\pad\AppData\Local\Programs\MiKTeX\tex/latex/graphics-cfg\graphics.cfg
File: graphics.cfg 2016/06/04 v1.11 sample graphics configuration
)
Package graphics Info: Driver file: pdftex.def on input line 106.
 (C:\Users\pad\AppData\Local\Programs\MiKTeX\tex/latex/graphics-def\pdftex.def
File: pdftex.def 2024/04/13 v1.2c Graphics/color driver for pdftex
))
\Gin@req@height=\dimen142
\Gin@req@width=\dimen143
) (C:\Users\pad\AppData\Local\Programs\MiKTeX\tex/latex/wrapfig\wrapfig.sty
\wrapoverhang=\dimen144
\WF@size=\dimen145
\c@WF@wrappedlines=\count268
\WF@box=\box52
\WF@everypar=\toks18
Package: wrapfig 2003/01/31  v 3.6
) (C:\Users\pad\AppData\Local\Programs\MiKTeX\tex/latex/amsmath\amsmath.sty
Package: amsmath 2024/05/23 v2.17q AMS math features
\@mathmargin=\skip51

For additional information on amsmath, use the `?' option.
(C:\Users\pad\AppData\Local\Programs\MiKTeX\tex/latex/amsmath\amstext.sty
Package: amstext 2021/08/26 v2.01 AMS text
 (C:\Users\pad\AppData\Local\Programs\MiKTeX\tex/latex/amsmath\amsgen.sty
File: amsgen.sty 1999/11/30 v2.0 generic functions
\@emptytoks=\toks19
\ex@=\dimen146
)) (C:\Users\pad\AppData\Local\Programs\MiKTeX\tex/latex/amsmath\amsbsy.sty
Package: amsbsy 1999/11/29 v1.2d Bold Symbols
\pmbraise@=\dimen147
) (C:\Users\pad\AppData\Local\Programs\MiKTeX\tex/latex/amsmath\amsopn.sty
Package: amsopn 2022/04/08 v2.04 operator names
)
\inf@bad=\count269
LaTeX Info: Redefining \frac on input line 233.
\uproot@=\count270
\leftroot@=\count271
LaTeX Info: Redefining \overline on input line 398.
LaTeX Info: Redefining \colon on input line 409.
\classnum@=\count272
\DOTSCASE@=\count273
LaTeX Info: Redefining \ldots on input line 495.
LaTeX Info: Redefining \dots on input line 498.
LaTeX Info: Redefining \cdots on input line 619.
\Mathstrutbox@=\box53
\strutbox@=\box54
LaTeX Info: Redefining \big on input line 721.
LaTeX Info: Redefining \Big on input line 722.
LaTeX Info: Redefining \bigg on input line 723.
LaTeX Info: Redefining \Bigg on input line 724.
\big@size=\dimen148
LaTeX Font Info:    Redeclaring font encoding OML on input line 742.
LaTeX Font Info:    Redeclaring font encoding OMS on input line 743.
\macc@depth=\count274
LaTeX Info: Redefining \bmod on input line 904.
LaTeX Info: Redefining \pmod on input line 909.
LaTeX Info: Redefining \smash on input line 939.
LaTeX Info: Redefining \relbar on input line 969.
LaTeX Info: Redefining \Relbar on input line 970.
\c@MaxMatrixCols=\count275
\dotsspace@=\muskip17
\c@parentequation=\count276
\dspbrk@lvl=\count277
\tag@help=\toks20
\row@=\count278
\column@=\count279
\maxfields@=\count280
\andhelp@=\toks21
\eqnshift@=\dimen149
\alignsep@=\dimen150
\tagshift@=\dimen151
\tagwidth@=\dimen152
\totwidth@=\dimen153
\lineht@=\dimen154
\@envbody=\toks22
\multlinegap=\skip52
\multlinetaggap=\skip53
\mathdisplay@stack=\toks23
LaTeX Info: Redefining \[ on input line 2953.
LaTeX Info: Redefining \] on input line 2954.
) (C:\Users\pad\AppData\Local\Programs\MiKTeX\tex/latex/amsfonts\amsfonts.sty
Package: amsfonts 2013/01/14 v3.01 Basic AMSFonts support
\symAMSa=\mathgroup4
\symAMSb=\mathgroup5
LaTeX Font Info:    Redeclaring math symbol \hbar on input line 98.
LaTeX Font Info:    Overwriting math alphabet `\mathfrak' in version `bold'
(Font)                  U/euf/m/n --> U/euf/b/n on input line 106.
) (C:\Users\pad\AppData\Local\Programs\MiKTeX\tex/latex/geometry\geometry.sty
Package: geometry 2020/01/02 v5.9 Page Geometry
 (C:\Users\pad\AppData\Local\Programs\MiKTeX\tex/generic/iftex\ifvtex.sty
Package: ifvtex 2019/10/25 v1.7 ifvtex legacy package. Use iftex instead.
 (C:\Users\pad\AppData\Local\Programs\MiKTeX\tex/generic/iftex\iftex.sty
Package: iftex 2022/02/03 v1.0f TeX engine tests
))
\Gm@cnth=\count281
\Gm@cntv=\count282
\c@Gm@tempcnt=\count283
\Gm@bindingoffset=\dimen155
\Gm@wd@mp=\dimen156
\Gm@odd@mp=\dimen157
\Gm@even@mp=\dimen158
\Gm@layoutwidth=\dimen159
\Gm@layoutheight=\dimen160
\Gm@layouthoffset=\dimen161
\Gm@layoutvoffset=\dimen162
\Gm@dimlist=\toks24
 (C:\Users\pad\AppData\Local\Programs\MiKTeX\tex/latex/geometry\geometry.cfg)) (C:\Users\pad\AppData\Local\Programs\MiKTeX\tex/latex/titlesec\titlesec.sty
Package: titlesec 2023/10/27 v2.16 Sectioning titles
\ttl@box=\box55
\beforetitleunit=\skip54
\aftertitleunit=\skip55
\ttl@plus=\dimen163
\ttl@minus=\dimen164
\ttl@toksa=\toks25
\titlewidth=\dimen165
\titlewidthlast=\dimen166
\titlewidthfirst=\dimen167
) (C:\Users\pad\AppData\Local\Programs\MiKTeX\tex/latex/subfiles\subfiles.sty
Package: subfiles 2020/11/14 v2.2 Multi-file projects (package)
 (C:\Users\pad\AppData\Local\Programs\MiKTeX\tex/latex/import\import.sty
Package: import 2020/04/01  v 6.2
)) (C:\Users\pad\AppData\Local\Programs\MiKTeX\tex/latex/setspace\setspace.sty
Package: setspace 2022/12/04 v6.7b set line spacing
) (C:\Users\pad\AppData\Local\Programs\MiKTeX\tex/latex/parskip\parskip.sty
Package: parskip 2021-03-14 v2.0h non-zero parskip adjustments
 (C:\Users\pad\AppData\Local\Programs\MiKTeX\tex/latex/kvoptions\kvoptions.sty
Package: kvoptions 2022-06-15 v3.15 Key value format for package options (HO)
 (C:\Users\pad\AppData\Local\Programs\MiKTeX\tex/generic/ltxcmds\ltxcmds.sty
Package: ltxcmds 2023-12-04 v1.26 LaTeX kernel commands for general use (HO)
) (C:\Users\pad\AppData\Local\Programs\MiKTeX\tex/latex/kvsetkeys\kvsetkeys.sty
Package: kvsetkeys 2022-10-05 v1.19 Key value parser (HO)
)) (C:\Users\pad\AppData\Local\Programs\MiKTeX\tex/latex/etoolbox\etoolbox.sty
Package: etoolbox 2020/10/05 v2.5k e-TeX tools for LaTeX (JAW)
\etb@tempcnta=\count284
)) (C:\Users\pad\AppData\Local\Programs\MiKTeX\tex/latex/float\float.sty
Package: float 2001/11/08 v1.3d Float enhancements (AL)
\c@float@type=\count285
\float@exts=\toks26
\float@box=\box56
\@float@everytoks=\toks27
\@floatcapt=\box57
) (C:\Users\pad\AppData\Local\Programs\MiKTeX\tex/latex/hyperref\hyperref.sty
Package: hyperref 2024-05-23 v7.01i Hypertext links for LaTeX
 (C:\Users\pad\AppData\Local\Programs\MiKTeX\tex/generic/kvdefinekeys\kvdefinekeys.sty
Package: kvdefinekeys 2019-12-19 v1.6 Define keys (HO)
) (C:\Users\pad\AppData\Local\Programs\MiKTeX\tex/generic/pdfescape\pdfescape.sty
Package: pdfescape 2019/12/09 v1.15 Implements pdfTeX's escape features (HO)
 (C:\Users\pad\AppData\Local\Programs\MiKTeX\tex/generic/pdftexcmds\pdftexcmds.sty
Package: pdftexcmds 2020-06-27 v0.33 Utility functions of pdfTeX for LuaTeX (HO)
 (C:\Users\pad\AppData\Local\Programs\MiKTeX\tex/generic/infwarerr\infwarerr.sty
Package: infwarerr 2019/12/03 v1.5 Providing info/warning/error messages (HO)
)
Package pdftexcmds Info: \pdf@primitive is available.
Package pdftexcmds Info: \pdf@ifprimitive is available.
Package pdftexcmds Info: \pdfdraftmode found.
)) (C:\Users\pad\AppData\Local\Programs\MiKTeX\tex/latex/hycolor\hycolor.sty
Package: hycolor 2020-01-27 v1.10 Color options for hyperref/bookmark (HO)
) (C:\Users\pad\AppData\Local\Programs\MiKTeX\tex/latex/hyperref\nameref.sty
Package: nameref 2023-11-26 v2.56 Cross-referencing by name of section
 (C:\Users\pad\AppData\Local\Programs\MiKTeX\tex/latex/refcount\refcount.sty
Package: refcount 2019/12/15 v3.6 Data extraction from label references (HO)
) (C:\Users\pad\AppData\Local\Programs\MiKTeX\tex/generic/gettitlestring\gettitlestring.sty
Package: gettitlestring 2019/12/15 v1.6 Cleanup title references (HO)
)
\c@section@level=\count286
) (C:\Users\pad\AppData\Local\Programs\MiKTeX\tex/generic/stringenc\stringenc.sty
Package: stringenc 2019/11/29 v1.12 Convert strings between diff. encodings (HO)
)
\@linkdim=\dimen168
\Hy@linkcounter=\count287
\Hy@pagecounter=\count288
 (C:\Users\pad\AppData\Local\Programs\MiKTeX\tex/latex/hyperref\pd1enc.def
File: pd1enc.def 2024-05-23 v7.01i Hyperref: PDFDocEncoding definition (HO)
Now handling font encoding PD1 ...
... no UTF-8 mapping file for font encoding PD1
) (C:\Users\pad\AppData\Local\Programs\MiKTeX\tex/generic/intcalc\intcalc.sty
Package: intcalc 2019/12/15 v1.3 Expandable calculations with integers (HO)
)
\Hy@SavedSpaceFactor=\count289
 (C:\Users\pad\AppData\Local\Programs\MiKTeX\tex/latex/hyperref\puenc.def
File: puenc.def 2024-05-23 v7.01i Hyperref: PDF Unicode definition (HO)
Now handling font encoding PU ...
... no UTF-8 mapping file for font encoding PU
)
Package hyperref Info: Hyper figures OFF on input line 4157.
Package hyperref Info: Link nesting OFF on input line 4162.
Package hyperref Info: Hyper index ON on input line 4165.
Package hyperref Info: Plain pages OFF on input line 4172.
Package hyperref Info: Backreferencing OFF on input line 4177.
Package hyperref Info: Implicit mode ON; LaTeX internals redefined.
Package hyperref Info: Bookmarks ON on input line 4424.
\c@Hy@tempcnt=\count290
 (C:\Users\pad\AppData\Local\Programs\MiKTeX\tex/latex/url\url.sty
\Urlmuskip=\muskip18
Package: url 2013/09/16  ver 3.4  Verb mode for urls, etc.
)
LaTeX Info: Redefining \url on input line 4763.
\XeTeXLinkMargin=\dimen169
 (C:\Users\pad\AppData\Local\Programs\MiKTeX\tex/generic/bitset\bitset.sty
Package: bitset 2019/12/09 v1.3 Handle bit-vector datatype (HO)
 (C:\Users\pad\AppData\Local\Programs\MiKTeX\tex/generic/bigintcalc\bigintcalc.sty
Package: bigintcalc 2019/12/15 v1.5 Expandable calculations on big integers (HO)
))
\Fld@menulength=\count291
\Field@Width=\dimen170
\Fld@charsize=\dimen171
Package hyperref Info: Hyper figures OFF on input line 6042.
Package hyperref Info: Link nesting OFF on input line 6047.
Package hyperref Info: Hyper index ON on input line 6050.
Package hyperref Info: backreferencing OFF on input line 6057.
Package hyperref Info: Link coloring OFF on input line 6062.
Package hyperref Info: Link coloring with OCG OFF on input line 6067.
Package hyperref Info: PDF/A mode OFF on input line 6072.
 (C:\Users\pad\AppData\Local\Programs\MiKTeX\tex/latex/base\atbegshi-ltx.sty
Package: atbegshi-ltx 2021/01/10 v1.0c Emulation of the original atbegshi
package with kernel methods
)
\Hy@abspage=\count292
\c@Item=\count293
\c@Hfootnote=\count294
)
Package hyperref Info: Driver (autodetected): hpdftex.
 (C:\Users\pad\AppData\Local\Programs\MiKTeX\tex/latex/hyperref\hpdftex.def
File: hpdftex.def 2024-05-23 v7.01i Hyperref driver for pdfTeX
 (C:\Users\pad\AppData\Local\Programs\MiKTeX\tex/latex/base\atveryend-ltx.sty
Package: atveryend-ltx 2020/08/19 v1.0a Emulation of the original atveryend package
with kernel methods
)
\Fld@listcount=\count295
\c@bookmark@seq@number=\count296
 (C:\Users\pad\AppData\Local\Programs\MiKTeX\tex/latex/rerunfilecheck\rerunfilecheck.sty
Package: rerunfilecheck 2022-07-10 v1.10 Rerun checks for auxiliary files (HO)
 (C:\Users\pad\AppData\Local\Programs\MiKTeX\tex/generic/uniquecounter\uniquecounter.sty
Package: uniquecounter 2019/12/15 v1.4 Provide unlimited unique counter (HO)
)
Package uniquecounter Info: New unique counter `rerunfilecheck' on input line 285.
)
\Hy@SectionHShift=\skip56
) (C:\Users\pad\AppData\Local\Programs\MiKTeX\tex/latex/caption\subcaption.sty
Package: subcaption 2023/07/28 v1.6b Sub-captions (AR)
 (C:\Users\pad\AppData\Local\Programs\MiKTeX\tex/latex/caption\caption.sty
Package: caption 2023/08/05 v3.6o Customizing captions (AR)
 (C:\Users\pad\AppData\Local\Programs\MiKTeX\tex/latex/caption\caption3.sty
Package: caption3 2023/07/31 v2.4d caption3 kernel (AR)
\caption@tempdima=\dimen172
\captionmargin=\dimen173
\caption@leftmargin=\dimen174
\caption@rightmargin=\dimen175
\caption@width=\dimen176
\caption@indent=\dimen177
\caption@parindent=\dimen178
\caption@hangindent=\dimen179
Package caption Info: Standard document class detected.
)
\c@caption@flags=\count297
\c@continuedfloat=\count298
Package caption Info: float package is loaded.
Package caption Info: hyperref package is loaded.
Package caption Info: wrapfig package is loaded.
)
Package caption Info: New subtype `subfigure' on input line 238.
\c@subfigure=\count299
Package caption Info: New subtype `subtable' on input line 238.
\c@subtable=\count300
) (C:\Users\pad\AppData\Local\Programs\MiKTeX\tex/latex/enumitem\enumitem.sty
Package: enumitem 2019/06/20 v3.9 Customized lists
\labelindent=\skip57
\enit@outerparindent=\dimen180
\enit@toks=\toks28
\enit@inbox=\box58
\enit@count@id=\count301
\enitdp@description=\count302
) (C:\Users\pad\AppData\Local\Programs\MiKTeX\tex/latex/l3backend\l3backend-pdftex.def
File: l3backend-pdftex.def 2024-05-08 L3 backend support: PDF output (pdfTeX)
\l__color_backend_stack_int=\count303
\l__pdf_internal_box=\box59
) (main.aux)
\openout1 = `main.aux'.

LaTeX Font Info:    Checking defaults for OML/cmm/m/it on input line 22.
LaTeX Font Info:    ... okay on input line 22.
LaTeX Font Info:    Checking defaults for OMS/cmsy/m/n on input line 22.
LaTeX Font Info:    ... okay on input line 22.
LaTeX Font Info:    Checking defaults for OT1/cmr/m/n on input line 22.
LaTeX Font Info:    ... okay on input line 22.
LaTeX Font Info:    Checking defaults for T1/cmr/m/n on input line 22.
LaTeX Font Info:    ... okay on input line 22.
LaTeX Font Info:    Checking defaults for TS1/cmr/m/n on input line 22.
LaTeX Font Info:    ... okay on input line 22.
LaTeX Font Info:    Checking defaults for OMX/cmex/m/n on input line 22.
LaTeX Font Info:    ... okay on input line 22.
LaTeX Font Info:    Checking defaults for U/cmr/m/n on input line 22.
LaTeX Font Info:    ... okay on input line 22.
LaTeX Font Info:    Checking defaults for PD1/pdf/m/n on input line 22.
LaTeX Font Info:    ... okay on input line 22.
LaTeX Font Info:    Checking defaults for PU/pdf/m/n on input line 22.
LaTeX Font Info:    ... okay on input line 22.
 (C:\Users\pad\AppData\Local\Programs\MiKTeX\tex/context/base/mkii\supp-pdf.mkii
[Loading MPS to PDF converter (version 2006.09.02).]
\scratchcounter=\count304
\scratchdimen=\dimen181
\scratchbox=\box60
\nofMPsegments=\count305
\nofMParguments=\count306
\everyMPshowfont=\toks29
\MPscratchCnt=\count307
\MPscratchDim=\dimen182
\MPnumerator=\count308
\makeMPintoPDFobject=\count309
\everyMPtoPDFconversion=\toks30
) (C:\Users\pad\AppData\Local\Programs\MiKTeX\tex/latex/epstopdf-pkg\epstopdf-base.sty
Package: epstopdf-base 2020-01-24 v2.11 Base part for package epstopdf
Package epstopdf-base Info: Redefining graphics rule for `.eps' on input line 485.
 (C:\Users\pad\AppData\Local\Programs\MiKTeX\tex/latex/00miktex\epstopdf-sys.cfg
File: epstopdf-sys.cfg 2021/03/18 v2.0 Configuration of epstopdf for MiKTeX
))
*geometry* driver: auto-detecting
*geometry* detected driver: pdftex
*geometry* verbose mode - [ preamble ] result:
* driver: pdftex
* paper: letterpaper
* layout: <same size as paper>
* layoutoffset:(h,v)=(0.0pt,0.0pt)
* modes: 
* h-part:(L,W,R)=(72.26999pt, 469.75502pt, 72.26999pt)
* v-part:(T,H,B)=(72.26999pt, 650.43001pt, 72.26999pt)
* \paperwidth=614.295pt
* \paperheight=794.96999pt
* \textwidth=469.75502pt
* \textheight=650.43001pt
* \oddsidemargin=0.0pt
* \evensidemargin=0.0pt
* \topmargin=-37.0pt
* \headheight=12.0pt
* \headsep=25.0pt
* \topskip=12.0pt
* \footskip=30.0pt
* \marginparwidth=44.0pt
* \marginparsep=10.0pt
* \columnsep=10.0pt
* \skip\footins=10.8pt plus 4.0pt minus 2.0pt
* \hoffset=0.0pt
* \voffset=0.0pt
* \mag=1000
* \@twocolumnfalse
* \@twosidefalse
* \@mparswitchfalse
* \@reversemarginfalse
* (1in=72.27pt=25.4mm, 1cm=28.453pt)

Package hyperref Info: Link coloring OFF on input line 22.
(main.out) (main.out)
\@outlinefile=\write3
\openout3 = `main.out'.

Package caption Info: Begin \AtBeginDocument code.
Package caption Info: End \AtBeginDocument code.
LaTeX Font Info:    Trying to load font information for U+msa on input line 25.
 (C:\Users\pad\AppData\Local\Programs\MiKTeX\tex/latex/amsfonts\umsa.fd
File: umsa.fd 2013/01/14 v3.01 AMS symbols A
)
LaTeX Font Info:    Trying to load font information for U+msb on input line 25.
 (C:\Users\pad\AppData\Local\Programs\MiKTeX\tex/latex/amsfonts\umsb.fd
File: umsb.fd 2013/01/14 v3.01 AMS symbols B
)
<images/menger.png, id=3, 258.9675pt x 245.91875pt>
File: images/menger.png Graphic file (type png)
<use images/menger.png>
Package pdftex.def Info: images/menger.png  used on input line 28.
(pdftex.def)             Requested size: 234.8775pt x 223.05092pt.


[1

{C:/Users/pad/AppData/Local/MiKTeX/fonts/map/pdftex/pdftex.map} <./images/menger.png>]
*geometry* verbose mode - [ newgeometry ] result:
* driver: pdftex
* paper: letterpaper
* layout: <same size as paper>
* layoutoffset:(h,v)=(0.0pt,0.0pt)
* modes: 
* h-part:(L,W,R)=(92.14519pt, 430.00462pt, 92.14519pt)
* v-part:(T,H,B)=(284.52756pt, 415.04506pt, 95.39737pt)
* \paperwidth=614.295pt
* \paperheight=794.96999pt
* \textwidth=430.00462pt
* \textheight=415.04506pt
* \oddsidemargin=19.8752pt
* \evensidemargin=19.8752pt
* \topmargin=175.25757pt
* \headheight=12.0pt
* \headsep=25.0pt
* \topskip=12.0pt
* \footskip=30.0pt
* \marginparwidth=44.0pt
* \marginparsep=10.0pt
* \columnsep=10.0pt
* \skip\footins=10.8pt plus 4.0pt minus 2.0pt
* \hoffset=0.0pt
* \voffset=0.0pt
* \mag=1000
* \@twocolumnfalse
* \@twosidefalse
* \@mparswitchfalse
* \@reversemarginfalse
* (1in=72.27pt=25.4mm, 1cm=28.453pt)



[2

] (sections/term1week2.tex
<sections/../images/t1w1q1.png, id=18, 122.70844pt x 146.04562pt>
File: sections/../images/t1w1q1.png Graphic file (type png)
<use sections/../images/t1w1q1.png>
Package pdftex.def Info: sections/../images/t1w1q1.png  used on input line 13.
(pdftex.def)             Requested size: 122.70813pt x 146.04524pt.
<sections/../images/t1w1q2.png, id=19, 179.16937pt x 103.88812pt>
File: sections/../images/t1w1q2.png Graphic file (type png)
<use sections/../images/t1w1q2.png>
Package pdftex.def Info: sections/../images/t1w1q2.png  used on input line 26.
(pdftex.def)             Requested size: 179.16893pt x 103.88786pt.
)

[3

 <./sections/../images/t1w1q1.png> <./sections/../images/t1w1q2.png>] (sections/term1week3.tex
Underfull \hbox (badness 10000) in paragraph at lines 7--8

 []


Underfull \hbox (badness 10000) in paragraph at lines 9--10

 []


Underfull \hbox (badness 10000) in paragraph at lines 11--12

 []


Underfull \hbox (badness 10000) in paragraph at lines 11--12

 []


Underfull \hbox (badness 10000) in paragraph at lines 14--15

 []


Underfull \hbox (badness 10000) in paragraph at lines 16--18

 []


Underfull \hbox (badness 10000) in paragraph at lines 16--18

 []

)

[4] (sections/term1week4.tex
Underfull \hbox (badness 10000) in paragraph at lines 7--8

 []


Underfull \hbox (badness 10000) in paragraph at lines 9--10

 []

<images/t1w4q1.png, id=47, 131.181pt x 84.972pt>
File: images/t1w4q1.png Graphic file (type png)
<use images/t1w4q1.png>
Package pdftex.def Info: images/t1w4q1.png  used on input line 14.
(pdftex.def)             Requested size: 131.18066pt x 84.97177pt.
<images/t1w4q2.png, id=48, 222.8325pt x 100.87688pt>
File: images/t1w4q2.png Graphic file (type png)
<use images/t1w4q2.png>
Package pdftex.def Info: images/t1w4q2.png  used on input line 21.
(pdftex.def)             Requested size: 222.83195pt x 100.87662pt.

Underfull \hbox (badness 10000) in paragraph at lines 25--26

 []

)

[5 <./images/t1w4q1.png> <./images/t1w4q2.png>] (sections/term1week5.tex
Underfull \hbox (badness 10000) in paragraph at lines 7--8

 []

<images/t1w5q2.png, id=60, 191.21437pt x 102.3825pt>
File: images/t1w5q2.png Graphic file (type png)
<use images/t1w5q2.png>
Package pdftex.def Info: images/t1w5q2.png  used on input line 13.
(pdftex.def)             Requested size: 191.2139pt x 102.38225pt.

Underfull \hbox (badness 10000) in paragraph at lines 10--15

 []


Underfull \hbox (badness 10000) in paragraph at lines 17--18

 []

)

[6 <./images/t1w5q2.png>] (sections/term1week6.tex
<images/t1w6q1.png, id=70, 181.17688pt x 96.86188pt>
File: images/t1w6q1.png Graphic file (type png)
<use images/t1w6q1.png>
Package pdftex.def Info: images/t1w6q1.png  used on input line 10.
(pdftex.def)             Requested size: 181.17642pt x 96.86162pt.

Underfull \hbox (badness 10000) in paragraph at lines 7--12

 []


Underfull \hbox (badness 10000) in paragraph at lines 14--15

 []


Underfull \hbox (badness 10000) in paragraph at lines 17--18

 []


Underfull \hbox (badness 10000) in paragraph at lines 20--21

 []


Underfull \hbox (badness 10000) in paragraph at lines 23--24

 []

)

[7 <./images/t1w6q1.png>] (sections/term1week7.tex
Underfull \hbox (badness 10000) in paragraph at lines 15--16

 []


Underfull \hbox (badness 10000) in paragraph at lines 16--17

 []


Underfull \hbox (badness 10000) in paragraph at lines 19--20

 []

)

[8] (sections/term1week8.tex
<images/t1w8q1.png, id=90, 111.41624pt x 145.29282pt>
File: images/t1w8q1.png Graphic file (type png)
<use images/t1w8q1.png>
Package pdftex.def Info: images/t1w8q1.png  used on input line 11.
(pdftex.def)             Requested size: 111.41597pt x 145.29245pt.

Underfull \hbox (badness 10000) in paragraph at lines 16--17

 []


Underfull \hbox (badness 10000) in paragraph at lines 19--20

 []


Underfull \hbox (badness 10000) in paragraph at lines 21--22

 []

<images/t1w8q3.png, id=91, 151.3153pt x 91.09032pt>
File: images/t1w8q3.png Graphic file (type png)
<use images/t1w8q3.png>
Package pdftex.def Info: images/t1w8q3.png  used on input line 26.
(pdftex.def)             Requested size: 151.31493pt x 91.09007pt.
)

[9 <./images/t1w8q1.png> <./images/t1w8q3.png>] (sections/term1week9.tex
Underfull \hbox (badness 10000) in paragraph at lines 7--8

 []


Underfull \hbox (badness 10000) in paragraph at lines 8--9

 []


Underfull \hbox (badness 10000) in paragraph at lines 11--12

 []

<images/t1w9q2.png, id=104, 164.11313pt x 134.00063pt>
File: images/t1w9q2.png Graphic file (type png)
<use images/t1w9q2.png>
Package pdftex.def Info: images/t1w9q2.png  used on input line 16.
(pdftex.def)             Requested size: 164.11272pt x 134.00027pt.

Underfull \hbox (badness 10000) in paragraph at lines 13--18

 []


Underfull \hbox (badness 10000) in paragraph at lines 20--21

 []


Underfull \hbox (badness 10000) in paragraph at lines 22--23

 []

<images/t1w9q3.png, id=105, 285.31593pt x 155.07938pt>
File: images/t1w9q3.png Graphic file (type png)
<use images/t1w9q3.png>
Package pdftex.def Info: images/t1w9q3.png  used on input line 27.
(pdftex.def)             Requested size: 234.8775pt x 127.66519pt.
)

[10 <./images/t1w9q2.png> <./images/t1w9q3.png>] (sections/term1week10.tex
<images/t1w10q1.png, id=117, 116.07pt x 115.632pt>
File: images/t1w10q1.png Graphic file (type png)
<use images/t1w10q1.png>
Package pdftex.def Info: images/t1w10q1.png  used on input line 10.
(pdftex.def)             Requested size: 116.0697pt x 115.63171pt.

Underfull \hbox (badness 10000) in paragraph at lines 13--14

 []

<images/t1w10q2.png, id=118, 134.028pt x 149.139pt>
File: images/t1w10q2.png Graphic file (type png)
<use images/t1w10q2.png>
Package pdftex.def Info: images/t1w10q2.png  used on input line 18.
(pdftex.def)             Requested size: 134.02766pt x 149.13863pt.

Underfull \hbox (badness 10000) in paragraph at lines 22--23

 []

<images/t1w10q3.png, id=119, 116.68594pt x 119.69719pt>
File: images/t1w10q3.png Graphic file (type png)
<use images/t1w10q3.png>
Package pdftex.def Info: images/t1w10q3.png  used on input line 27.
(pdftex.def)             Requested size: 116.68564pt x 119.69688pt.

Underfull \hbox (badness 10000) in paragraph at lines 24--28

 []


Underfull \hbox (badness 10000) in paragraph at lines 30--31

 []



[11 <./images/t1w10q1.png> <./images/t1w10q2.png> <./images/t1w10q3.png>]
Underfull \hbox (badness 10000) in paragraph at lines 32--35

 []

<images/t1w10q4.png, id=133, 99.207pt x 147.168pt>
File: images/t1w10q4.png Graphic file (type png)
<use images/t1w10q4.png>
Package pdftex.def Info: images/t1w10q4.png  used on input line 39.
(pdftex.def)             Requested size: 99.20674pt x 147.16762pt.
)

[12 <./images/t1w10q4.png>]
*geometry* verbose mode - [ newgeometry ] result:
* driver: pdftex
* paper: letterpaper
* layout: <same size as paper>
* layoutoffset:(h,v)=(0.0pt,0.0pt)
* modes: 
* h-part:(L,W,R)=(92.14519pt, 430.00462pt, 92.14519pt)
* v-part:(T,H,B)=(284.52756pt, 415.04506pt, 95.39737pt)
* \paperwidth=614.295pt
* \paperheight=794.96999pt
* \textwidth=430.00462pt
* \textheight=415.04506pt
* \oddsidemargin=19.8752pt
* \evensidemargin=19.8752pt
* \topmargin=175.25757pt
* \headheight=12.0pt
* \headsep=25.0pt
* \topskip=12.0pt
* \footskip=30.0pt
* \marginparwidth=44.0pt
* \marginparsep=10.0pt
* \columnsep=10.0pt
* \skip\footins=10.8pt plus 4.0pt minus 2.0pt
* \hoffset=0.0pt
* \voffset=0.0pt
* \mag=1000
* \@twocolumnfalse
* \@twosidefalse
* \@mparswitchfalse
* \@reversemarginfalse
* (1in=72.27pt=25.4mm, 1cm=28.453pt)



[13

] (sections/term2week1.tex
Underfull \hbox (badness 10000) in paragraph at lines 7--8

 []


Underfull \hbox (badness 10000) in paragraph at lines 8--9

 []


Underfull \hbox (badness 10000) in paragraph at lines 11--12

 []


Underfull \hbox (badness 10000) in paragraph at lines 11--12

 []

)

[14

] (sections/term2week2.tex
Underfull \hbox (badness 10000) in paragraph at lines 7--8

 []


Underfull \hbox (badness 10000) in paragraph at lines 9--10

 []

<images/t2w2q1.png, id=154, 162.6075pt x 93.85063pt>
File: images/t2w2q1.png Graphic file (type png)
<use images/t2w2q1.png>
Package pdftex.def Info: images/t2w2q1.png  used on input line 14.
(pdftex.def)             Requested size: 162.6071pt x 93.85039pt.

Underfull \hbox (badness 10000) in paragraph at lines 18--19

 []


Underfull \hbox (badness 10000) in paragraph at lines 21--22

 []


Underfull \hbox (badness 10000) in paragraph at lines 24--25

 []


Underfull \hbox (badness 10000) in paragraph at lines 25--26

 []

<images/t2w2q5.png, id=155, 185.19188pt x 75.28125pt>
File: images/t2w2q5.png Graphic file (type png)
<use images/t2w2q5.png>
Package pdftex.def Info: images/t2w2q5.png  used on input line 31.
(pdftex.def)             Requested size: 185.1914pt x 75.28105pt.

Underfull \hbox (badness 10000) in paragraph at lines 28--32

 []

)

[15 <./images/t2w2q1.png> <./images/t2w2q5.png>] (sections/term2week3.tex
Underfull \hbox (badness 10000) in paragraph at lines 7--8

 []


Underfull \hbox (badness 10000) in paragraph at lines 10--11

 []

<images/t2w3q2.png, id=169, 222.8325pt x 78.2925pt>
File: images/t2w3q2.png Graphic file (type png)
<use images/t2w3q2.png>
Package pdftex.def Info: images/t2w3q2.png  used on input line 15.
(pdftex.def)             Requested size: 140.92793pt x 49.51567pt.

Underfull \hbox (badness 10000) in paragraph at lines 17--18

 []


Underfull \hbox (badness 10000) in paragraph at lines 20--21

 []


Underfull \hbox (badness 10000) in paragraph at lines 22--23

 []

<images/t2w3q4.png, id=170, 98.61844pt x 89.58469pt>
File: images/t2w3q4.png Graphic file (type png)
<use images/t2w3q4.png>
Package pdftex.def Info: images/t2w3q4.png  used on input line 28.
(pdftex.def)             Requested size: 98.61818pt x 89.58446pt.

Underfull \hbox (badness 10000) in paragraph at lines 25--29

 []


Underfull \hbox (badness 10000) in paragraph at lines 30--31

 []

)

[16 <./images/t2w3q2.png> <./images/t2w3q4.png>] (sections/term2week4.tex
Underfull \hbox (badness 10000) in paragraph at lines 7--8

 []


Underfull \hbox (badness 10000) in paragraph at lines 9--10

 []


Underfull \hbox (badness 10000) in paragraph at lines 12--13

 []


Underfull \hbox (badness 10000) in paragraph at lines 15--16

 []


Underfull \hbox (badness 10000) in paragraph at lines 17--18

 []

)

[17] (sections/term2week5.tex
<images/t2w5q1.png, id=192, 143.226pt x 119.574pt>
File: images/t2w5q1.png Graphic file (type png)
<use images/t2w5q1.png>
Package pdftex.def Info: images/t2w5q1.png  used on input line 10.
(pdftex.def)             Requested size: 143.22563pt x 119.5737pt.

Underfull \hbox (badness 10000) in paragraph at lines 14--15

 []


Underfull \hbox (badness 10000) in paragraph at lines 17--18

 []


Underfull \hbox (badness 10000) in paragraph at lines 19--20

 []

)

[18 <./images/t2w5q1.png>] (sections/term2week6.tex
<images/t2w6q1.png, id=203, 269.50688pt x 264.99pt>
File: images/t2w6q1.png Graphic file (type png)
<use images/t2w6q1.png>
Package pdftex.def Info: images/t2w6q1.png  used on input line 10.
(pdftex.def)             Requested size: 140.92793pt x 138.56789pt.

Underfull \hbox (badness 10000) in paragraph at lines 18--19

 []


Underfull \hbox (badness 10000) in paragraph at lines 21--22

 []


Underfull \hbox (badness 10000) in paragraph at lines 25--26

 []


Underfull \hbox (badness 10000) in paragraph at lines 27--28

 []

<images/t2w6q4.png, id=204, 404.00937pt x 161.10187pt>
File: images/t2w6q4.png Graphic file (type png)
<use images/t2w6q4.png>
Package pdftex.def Info: images/t2w6q4.png  used on input line 34.
(pdftex.def)             Requested size: 404.00838pt x 161.10147pt.
)

[19 <./images/t2w6q1.png> <./images/t2w6q4.png>] (sections/term2week7.tex
Underfull \hbox (badness 10000) in paragraph at lines 7--8

 []


Underfull \hbox (badness 10000) in paragraph at lines 20--21

 []


Underfull \hbox (badness 10000) in paragraph at lines 23--25

 []


Underfull \hbox (badness 10000) in paragraph at lines 26--27

 []


Underfull \hbox (badness 10000) in paragraph at lines 27--28

 []

)

[20] (sections/term2week8.tex
<images/t2w8q4.png, id=229, 295.85532pt x 182.18062pt>
File: images/t2w8q4.png Graphic file (type png)
<use images/t2w8q4.png>
Package pdftex.def Info: images/t2w8q4.png  used on input line 28.
(pdftex.def)             Requested size: 295.85458pt x 182.18016pt.
)

[21 <./images/t2w8q4.png>]
*geometry* verbose mode - [ newgeometry ] result:
* driver: pdftex
* paper: letterpaper
* layout: <same size as paper>
* layoutoffset:(h,v)=(0.0pt,0.0pt)
* modes: 
* h-part:(L,W,R)=(92.14519pt, 430.00462pt, 92.14519pt)
* v-part:(T,H,B)=(284.52756pt, 415.04506pt, 95.39737pt)
* \paperwidth=614.295pt
* \paperheight=794.96999pt
* \textwidth=430.00462pt
* \textheight=415.04506pt
* \oddsidemargin=19.8752pt
* \evensidemargin=19.8752pt
* \topmargin=175.25757pt
* \headheight=12.0pt
* \headsep=25.0pt
* \topskip=12.0pt
* \footskip=30.0pt
* \marginparwidth=44.0pt
* \marginparsep=10.0pt
* \columnsep=10.0pt
* \skip\footins=10.8pt plus 4.0pt minus 2.0pt
* \hoffset=0.0pt
* \voffset=0.0pt
* \mag=1000
* \@twocolumnfalse
* \@twosidefalse
* \@mparswitchfalse
* \@reversemarginfalse
* (1in=72.27pt=25.4mm, 1cm=28.453pt)



[22

] (answers/term1week2.tex
Underfull \hbox (badness 10000) in paragraph at lines 7--9

 []


Underfull \hbox (badness 10000) in paragraph at lines 10--11

 []


Underfull \hbox (badness 10000) in paragraph at lines 12--13

 []


Underfull \hbox (badness 10000) in paragraph at lines 14--15

 []


Underfull \hbox (badness 10000) in paragraph at lines 16--17

 []


Underfull \hbox (badness 10000) in paragraph at lines 18--19

 []


Underfull \hbox (badness 10000) in paragraph at lines 20--21

 []


Underfull \hbox (badness 10000) in paragraph at lines 22--23

 []

<images/t1w2q2_a.png, id=244, 224.33812pt x 64.74188pt>
File: images/t1w2q2_a.png Graphic file (type png)
<use images/t1w2q2_a.png>
Package pdftex.def Info: images/t1w2q2_a.png  used on input line 27.
(pdftex.def)             Requested size: 224.33757pt x 64.74171pt.

Underfull \hbox (badness 10000) in paragraph at lines 25--28

 []


Underfull \hbox (badness 10000) in paragraph at lines 29--32

 []


Underfull \hbox (badness 10000) in paragraph at lines 33--36

 []


Underfull \hbox (badness 10000) in paragraph at lines 37--38

 []


Underfull \hbox (badness 10000) in paragraph at lines 39--41

 []


Underfull \hbox (badness 10000) in paragraph at lines 42--43

 []



[23

 <./images/t1w2q2_a.png>]
Underfull \hbox (badness 10000) in paragraph at lines 44--45

 []


Underfull \hbox (badness 10000) in paragraph at lines 46--48

 []


Underfull \hbox (badness 10000) in paragraph at lines 49--51

 []


Underfull \hbox (badness 10000) in paragraph at lines 52--53

 []


Underfull \hbox (badness 10000) in paragraph at lines 54--55

 []


Underfull \hbox (badness 10000) in paragraph at lines 56--57

 []


Underfull \hbox (badness 10000) in paragraph at lines 58--59

 []


Underfull \hbox (badness 10000) in paragraph at lines 60--61

 []


Underfull \hbox (badness 10000) in paragraph at lines 62--63

 []


Underfull \hbox (badness 10000) in paragraph at lines 65--66

 []


Underfull \hbox (badness 10000) in paragraph at lines 67--68

 []


Underfull \hbox (badness 10000) in paragraph at lines 69--70

 []


Underfull \hbox (badness 10000) in paragraph at lines 71--72

 []


Underfull \hbox (badness 10000) in paragraph at lines 73--74

 []


Underfull \hbox (badness 10000) in paragraph at lines 75--77

 []

)

[24] (answers/term1week3.tex
Underfull \hbox (badness 10000) in paragraph at lines 7--9

 []


Underfull \hbox (badness 10000) in paragraph at lines 10--11

 []


Underfull \hbox (badness 10000) in paragraph at lines 12--13

 []


Underfull \hbox (badness 10000) in paragraph at lines 14--16

 []


Underfull \hbox (badness 10000) in paragraph at lines 17--18

 []


Underfull \hbox (badness 10000) in paragraph at lines 19--20

 []


Underfull \hbox (badness 10000) in paragraph at lines 21--23

 []


Underfull \hbox (badness 10000) in paragraph at lines 24--26

 []


Underfull \hbox (badness 10000) in paragraph at lines 27--28

 []


Underfull \hbox (badness 10000) in paragraph at lines 29--30

 []


Underfull \hbox (badness 10000) in paragraph at lines 31--32

 []


Underfull \hbox (badness 10000) in paragraph at lines 34--36

 []


Underfull \hbox (badness 10000) in paragraph at lines 37--38

 []


Underfull \hbox (badness 10000) in paragraph at lines 39--40

 []


Underfull \hbox (badness 10000) in paragraph at lines 41--42

 []


Underfull \hbox (badness 10000) in paragraph at lines 43--45

 []



[25]
Underfull \hbox (badness 10000) in paragraph at lines 46--47

 []


Underfull \hbox (badness 10000) in paragraph at lines 48--49

 []


Underfull \hbox (badness 10000) in paragraph at lines 50--51

 []


Underfull \hbox (badness 10000) in paragraph at lines 52--53

 []


Underfull \hbox (badness 10000) in paragraph at lines 54--55

 []


Underfull \hbox (badness 10000) in paragraph at lines 57--59

 []


Underfull \hbox (badness 10000) in paragraph at lines 60--61

 []


Underfull \hbox (badness 10000) in paragraph at lines 62--64

 []

)

[26] (answers/term1week4.tex
Underfull \hbox (badness 10000) in paragraph at lines 7--8

 []

<images/t1w4q2_a.png, id=271, 267.24844pt x 135.50626pt>
File: images/t1w4q2_a.png Graphic file (type png)
<use images/t1w4q2_a.png>
Package pdftex.def Info: images/t1w4q2_a.png  used on input line 16.
(pdftex.def)             Requested size: 267.24779pt x 135.5059pt.

Underfull \hbox (badness 10000) in paragraph at lines 13--17

 []


Underfull \hbox (badness 10000) in paragraph at lines 19--20

 []


Underfull \hbox (badness 10000) in paragraph at lines 21--22

 []


Underfull \hbox (badness 10000) in paragraph at lines 23--24

 []


Underfull \hbox (badness 10000) in paragraph at lines 25--26

 []


Underfull \hbox (badness 10000) in paragraph at lines 27--28

 []


Underfull \hbox (badness 10000) in paragraph at lines 29--30

 []


Underfull \hbox (badness 10000) in paragraph at lines 31--32

 []


Underfull \hbox (badness 10000) in paragraph at lines 34--36

 []


Underfull \hbox (badness 10000) in paragraph at lines 37--38

 []


Underfull \hbox (badness 10000) in paragraph at lines 39--40

 []


Underfull \hbox (badness 10000) in paragraph at lines 41--42

 []



[27 <./images/t1w4q2_a.png>])

[28] (answers/term1week5.tex
Underfull \hbox (badness 10000) in paragraph at lines 7--8

 []


Underfull \hbox (badness 10000) in paragraph at lines 9--10

 []


Underfull \hbox (badness 10000) in paragraph at lines 11--12

 []


Underfull \hbox (badness 10000) in paragraph at lines 13--14

 []


Underfull \hbox (badness 10000) in paragraph at lines 15--16

 []


Underfull \hbox (badness 10000) in paragraph at lines 17--18

 []


Underfull \hbox (badness 10000) in paragraph at lines 19--20

 []


Underfull \hbox (badness 10000) in paragraph at lines 21--22

 []


Underfull \hbox (badness 10000) in paragraph at lines 24--26

 []


Underfull \hbox (badness 10000) in paragraph at lines 27--31

 []


Underfull \hbox (badness 10000) in paragraph at lines 32--37

 []


Underfull \hbox (badness 10000) in paragraph at lines 38--39

 []


Underfull \hbox (badness 10000) in paragraph at lines 40--43

 []


Underfull \hbox (badness 10000) in paragraph at lines 44--50

 []



[29]
Underfull \hbox (badness 10000) in paragraph at lines 51--54

 []


Underfull \hbox (badness 10000) in paragraph at lines 55--57

 []


Underfull \hbox (badness 10000) in paragraph at lines 58--61

 []


Underfull \hbox (badness 10000) in paragraph at lines 62--64

 []


Underfull \hbox (badness 10000) in paragraph at lines 65--68

 []


Underfull \hbox (badness 10000) in paragraph at lines 69--70

 []


Underfull \hbox (badness 10000) in paragraph at lines 72--74

 []


Underfull \hbox (badness 10000) in paragraph at lines 75--77

 []


Underfull \hbox (badness 10000) in paragraph at lines 78--80

 []


Underfull \hbox (badness 10000) in paragraph at lines 81--83

 []

)

[30] (answers/term1week6.tex
Underfull \hbox (badness 10000) in paragraph at lines 7--13

 []


Underfull \hbox (badness 10000) in paragraph at lines 14--16

 []


Underfull \hbox (badness 10000) in paragraph at lines 17--18

 []


Underfull \hbox (badness 10000) in paragraph at lines 19--20

 []


Underfull \hbox (badness 10000) in paragraph at lines 21--22

 []


Underfull \hbox (badness 10000) in paragraph at lines 23--24

 []


Underfull \hbox (badness 10000) in paragraph at lines 25--26

 []


Underfull \hbox (badness 10000) in paragraph at lines 27--28

 []


Underfull \hbox (badness 10000) in paragraph at lines 43--44

 []


Underfull \hbox (badness 10000) in paragraph at lines 46--48

 []


Underfull \hbox (badness 10000) in paragraph at lines 49--51

 []


Underfull \hbox (badness 10000) in paragraph at lines 52--54

 []



[31]
Underfull \hbox (badness 10000) in paragraph at lines 55--56

 []


Underfull \hbox (badness 10000) in paragraph at lines 57--58

 []


Underfull \hbox (badness 10000) in paragraph at lines 60--61

 []


Underfull \hbox (badness 10000) in paragraph at lines 62--64

 []


Underfull \hbox (badness 10000) in paragraph at lines 65--68

 []


Underfull \hbox (badness 10000) in paragraph at lines 69--71

 []


Underfull \hbox (badness 10000) in paragraph at lines 72--75

 []


Underfull \hbox (badness 10000) in paragraph at lines 76--79

 []


Underfull \hbox (badness 10000) in paragraph at lines 80--81

 []


Underfull \hbox (badness 10000) in paragraph at lines 82--83

 []


Underfull \hbox (badness 10000) in paragraph at lines 84--85

 []


Underfull \hbox (badness 10000) in paragraph at lines 86--87

 []


Underfull \hbox (badness 10000) in paragraph at lines 88--90

 []


Underfull \hbox (badness 10000) in paragraph at lines 91--93

 []



[32]
Underfull \hbox (badness 10000) in paragraph at lines 94--97

 []


Underfull \hbox (badness 10000) in paragraph at lines 98--99

 []


Underfull \hbox (badness 10000) in paragraph at lines 100--103

 []

)

[33] (answers/term1week7.tex
Underfull \hbox (badness 10000) in paragraph at lines 24--26

 []


Underfull \hbox (badness 10000) in paragraph at lines 27--28

 []


Underfull \hbox (badness 10000) in paragraph at lines 29--30

 []


Underfull \hbox (badness 10000) in paragraph at lines 31--32

 []


Underfull \hbox (badness 10000) in paragraph at lines 33--34

 []


Underfull \hbox (badness 10000) in paragraph at lines 35--36

 []


Underfull \hbox (badness 10000) in paragraph at lines 37--38

 []


Underfull \hbox (badness 10000) in paragraph at lines 39--42

 []


Underfull \hbox (badness 10000) in paragraph at lines 43--47

 []


Underfull \hbox (badness 10000) in paragraph at lines 48--50

 []


Underfull \hbox (badness 10000) in paragraph at lines 51--55

 []



[34]
Underfull \hbox (badness 10000) in paragraph at lines 56--58

 []


Underfull \hbox (badness 10000) in paragraph at lines 59--62

 []

<images/t1w7q1_a.png, id=317, 165.61874pt x 79.04532pt>
File: images/t1w7q1_a.png Graphic file (type png)
<use images/t1w7q1_a.png>
Package pdftex.def Info: images/t1w7q1_a.png  used on input line 66.
(pdftex.def)             Requested size: 165.61833pt x 79.0451pt.

Underfull \hbox (badness 10000) in paragraph at lines 70--75

 []


Underfull \hbox (badness 10000) in paragraph at lines 76--79

 []


Underfull \hbox (badness 10000) in paragraph at lines 80--81

 []


Underfull \hbox (badness 10000) in paragraph at lines 81--82

 []


Underfull \hbox (badness 10000) in paragraph at lines 84--86

 []


Underfull \hbox (badness 10000) in paragraph at lines 87--88

 []


Underfull \hbox (badness 10000) in paragraph at lines 89--90

 []



[35 <./images/t1w7q1_a.png>]
Underfull \hbox (badness 10000) in paragraph at lines 91--92

 []


Underfull \hbox (badness 10000) in paragraph at lines 93--95

 []


Underfull \hbox (badness 10000) in paragraph at lines 96--97

 []


Underfull \hbox (badness 10000) in paragraph at lines 98--99

 []


Underfull \hbox (badness 10000) in paragraph at lines 100--101

 []

)

[36] (answers/term1week8.tex
Underfull \hbox (badness 10000) in paragraph at lines 7--10

 []


Underfull \hbox (badness 10000) in paragraph at lines 11--15

 []


Underfull \hbox (badness 10000) in paragraph at lines 16--19

 []


Underfull \hbox (badness 10000) in paragraph at lines 20--24

 []


Underfull \hbox (badness 10000) in paragraph at lines 25--31

 []


Underfull \hbox (badness 10000) in paragraph at lines 32--33

 []


Underfull \hbox (badness 10000) in paragraph at lines 35--39

 []


Underfull \hbox (badness 10000) in paragraph at lines 40--48

 []


Underfull \hbox (badness 10000) in paragraph at lines 49--53

 []



[37]
Underfull \hbox (badness 10000) in paragraph at lines 54--59

 []


Underfull \hbox (badness 10000) in paragraph at lines 60--61

 []

<images/t1w8q2_a1.png, id=338, 118.19156pt x 129.48375pt>
File: images/t1w8q2_a1.png Graphic file (type png)
<use images/t1w8q2_a1.png>
Package pdftex.def Info: images/t1w8q2_a1.png  used on input line 65.
(pdftex.def)             Requested size: 93.94957pt x 102.92722pt.
<images/t1w8q2_a2.png, id=339, 110.66344pt x 125.71968pt>
File: images/t1w8q2_a2.png Graphic file (type png)
<use images/t1w8q2_a2.png>
Package pdftex.def Info: images/t1w8q2_a2.png  used on input line 70.
(pdftex.def)             Requested size: 117.43875pt x 133.42334pt.
<images/t1w8q2_a3.png, id=340, 150.5625pt x 163.3603pt>
File: images/t1w8q2_a3.png Graphic file (type png)
<use images/t1w8q2_a3.png>
Package pdftex.def Info: images/t1w8q2_a3.png  used on input line 75.
(pdftex.def)             Requested size: 117.43875pt x 127.42549pt.


[38 <./images/t1w8q2_a1.png> <./images/t1w8q2_a2.png>]
<images/t1w8q2_a4.png, id=349, 82.80937pt x 149.8097pt>
File: images/t1w8q2_a4.png Graphic file (type png)
<use images/t1w8q2_a4.png>
Package pdftex.def Info: images/t1w8q2_a4.png  used on input line 85.
(pdftex.def)             Requested size: 70.46037pt x 127.47598pt.

Underfull \hbox (badness 10000) in paragraph at lines 87--88

 []

<images/t1w8q3_ans6.png, id=350, 148.30406pt x 56.46094pt>
File: images/t1w8q3_ans6.png Graphic file (type png)
<use images/t1w8q3_ans6.png>
Package pdftex.def Info: images/t1w8q3_ans6.png  used on input line 94.
(pdftex.def)             Requested size: 117.43875pt x 44.71219pt.

Underfull \hbox (badness 10000) in paragraph at lines 96--97

 []

<images/t1w8q3_ans7.png, id=351, 190.46156pt x 85.06781pt>
File: images/t1w8q3_ans7.png Graphic file (type png)
<use images/t1w8q3_ans7.png>
Package pdftex.def Info: images/t1w8q3_ans7.png  used on input line 101.
(pdftex.def)             Requested size: 117.43875pt x 52.45203pt.


[39 <./images/t1w8q2_a3.png> <./images/t1w8q2_a4.png> <./images/t1w8q3_ans6.png>]
Underfull \hbox (badness 10000) in paragraph at lines 103--104

 []


Underfull \hbox (badness 10000) in paragraph at lines 105--107

 []


Underfull \hbox (badness 10000) in paragraph at lines 108--109

 []


Underfull \hbox (badness 10000) in paragraph at lines 110--111

 []


Underfull \hbox (badness 10000) in paragraph at lines 112--113

 []


Underfull \hbox (badness 10000) in paragraph at lines 114--115

 []

<images/t1w8q3_ans1.png, id=363, 201.75375pt x 105.39375pt>
File: images/t1w8q3_ans1.png Graphic file (type png)
<use images/t1w8q3_ans1.png>
Package pdftex.def Info: images/t1w8q3_ans1.png  used on input line 120.
(pdftex.def)             Requested size: 117.43875pt x 61.34872pt.
<images/t1w8q3_ans2.png, id=364, 168.63pt x 72.27pt>
File: images/t1w8q3_ans2.png Graphic file (type png)
<use images/t1w8q3_ans2.png>
Package pdftex.def Info: images/t1w8q3_ans2.png  used on input line 125.
(pdftex.def)             Requested size: 117.43875pt x 50.3317pt.
<images/t1w8q3_ans3.png, id=365, 172.39406pt x 72.27pt>
File: images/t1w8q3_ans3.png Graphic file (type png)
<use images/t1w8q3_ans3.png>
Package pdftex.def Info: images/t1w8q3_ans3.png  used on input line 140.
(pdftex.def)             Requested size: 117.43875pt x 49.23225pt.

Underfull \hbox (badness 10000) in paragraph at lines 127--141

 []



[40 <./images/t1w8q3_ans7.png> <./images/t1w8q3_ans1.png> <./images/t1w8q3_ans2.png>]
Underfull \hbox (badness 10000) in paragraph at lines 142--145

 []

<images/t1w8q3_ans4.png, id=376, 133.371pt x 69.642pt>
File: images/t1w8q3_ans4.png Graphic file (type png)
<use images/t1w8q3_ans4.png>
Package pdftex.def Info: images/t1w8q3_ans4.png  used on input line 152.
(pdftex.def)             Requested size: 117.43875pt x 61.32338pt.

Underfull \hbox (badness 10000) in paragraph at lines 146--153

 []

<images/t1w8q3_ans5.png, id=377, 231.86626pt x 139.27031pt>
File: images/t1w8q3_ans5.png Graphic file (type png)
<use images/t1w8q3_ans5.png>
Package pdftex.def Info: images/t1w8q3_ans5.png  used on input line 157.
(pdftex.def)             Requested size: 231.86568pt x 139.26996pt.

Underfull \hbox (badness 10000) in paragraph at lines 159--160

 []


Underfull \hbox (badness 10000) in paragraph at lines 161--163

 []


Underfull \hbox (badness 10000) in paragraph at lines 164--165

 []


Underfull \hbox (badness 10000) in paragraph at lines 166--168

 []



[41 <./images/t1w8q3_ans3.png> <./images/t1w8q3_ans4.png> <./images/t1w8q3_ans5.png>])

[42] (answers/term1week9.tex
Underfull \hbox (badness 10000) in paragraph at lines 7--9

 []


Underfull \hbox (badness 10000) in paragraph at lines 10--11

 []


Underfull \hbox (badness 10000) in paragraph at lines 12--13

 []


Underfull \hbox (badness 10000) in paragraph at lines 14--16

 []


Underfull \hbox (badness 10000) in paragraph at lines 17--18

 []


Underfull \hbox (badness 10000) in paragraph at lines 19--20

 []


Underfull \hbox (badness 10000) in paragraph at lines 21--22

 []


Underfull \hbox (badness 10000) in paragraph at lines 23--25

 []


Underfull \hbox (badness 10000) in paragraph at lines 26--27

 []


Underfull \hbox (badness 10000) in paragraph at lines 28--35

 []


Underfull \hbox (badness 10000) in paragraph at lines 38--42

 []


Underfull \hbox (badness 10000) in paragraph at lines 43--45

 []


Underfull \hbox (badness 10000) in paragraph at lines 46--50

 []


Underfull \hbox (badness 10000) in paragraph at lines 51--53

 []



[43]
Underfull \hbox (badness 10000) in paragraph at lines 54--55

 []


Underfull \hbox (badness 10000) in paragraph at lines 56--58

 []


Underfull \hbox (badness 10000) in paragraph at lines 59--60

 []


Underfull \hbox (badness 10000) in paragraph at lines 61--62

 []


Underfull \hbox (badness 10000) in paragraph at lines 63--65

 []


Underfull \hbox (badness 10000) in paragraph at lines 66--67

 []


Underfull \hbox (badness 10000) in paragraph at lines 68--69

 []


Underfull \hbox (badness 10000) in paragraph at lines 70--71

 []


Underfull \hbox (badness 10000) in paragraph at lines 72--74

 []


Underfull \hbox (badness 10000) in paragraph at lines 75--76

 []


Underfull \hbox (badness 10000) in paragraph at lines 77--78

 []


Underfull \hbox (badness 10000) in paragraph at lines 80--82

 []


Underfull \hbox (badness 10000) in paragraph at lines 83--85

 []


Underfull \hbox (badness 10000) in paragraph at lines 86--88

 []


Underfull \hbox (badness 10000) in paragraph at lines 89--92

 []



[44]
<images/t1w9q3_a.png, id=404, 161.85469pt x 82.05656pt>
File: images/t1w9q3_a.png Graphic file (type png)
<use images/t1w9q3_a.png>
Package pdftex.def Info: images/t1w9q3_a.png  used on input line 97.
(pdftex.def)             Requested size: 117.43875pt x 59.53893pt.

Underfull \hbox (badness 10000) in paragraph at lines 99--102

 []


Underfull \hbox (badness 10000) in paragraph at lines 103--111

 []

<images/t1w9q3_a2.png, id=405, 176.91093pt x 123.46124pt>
File: images/t1w9q3_a2.png Graphic file (type png)
<use images/t1w9q3_a2.png>
Package pdftex.def Info: images/t1w9q3_a2.png  used on input line 121.
(pdftex.def)             Requested size: 117.43875pt x 81.9575pt.
)

[45 <./images/t1w9q3_a.png> <./images/t1w9q3_a2.png>] (answers/term1week10.tex
<images/t1w10q1_a1.png, id=414, 120.45pt x 112.16907pt>
File: images/t1w10q1_a1.png Graphic file (type png)
<use images/t1w10q1_a1.png>
Package pdftex.def Info: images/t1w10q1_a1.png  used on input line 11.
(pdftex.def)             Requested size: 93.94957pt x 87.49321pt.
<images/t1w10q1_a2.png, id=415, 116.68594pt x 109.1578pt>
File: images/t1w10q1_a2.png Graphic file (type png)
<use images/t1w10q1_a2.png>
Package pdftex.def Info: images/t1w10q1_a2.png  used on input line 16.
(pdftex.def)             Requested size: 93.94957pt x 87.89265pt.

Underfull \hbox (badness 10000) in paragraph at lines 19--28

 []

File: images/t1w10q1_a2.png Graphic file (type png)
<use images/t1w10q1_a2.png>
Package pdftex.def Info: images/t1w10q1_a2.png  used on input line 32.
(pdftex.def)             Requested size: 93.94957pt x 87.89265pt.

Underfull \hbox (badness 10000) in paragraph at lines 29--33

 []


Underfull \hbox (badness 10000) in paragraph at lines 34--38

 []



[46 <./images/t1w10q1_a1.png> <./images/t1w10q1_a2.png>]
<images/t1w10q1_a3.png, id=426, 115.93312pt x 118.94438pt>
File: images/t1w10q1_a3.png Graphic file (type png)
<use images/t1w10q1_a3.png>
Package pdftex.def Info: images/t1w10q1_a3.png  used on input line 43.
(pdftex.def)             Requested size: 93.94957pt x 96.39159pt.

Underfull \hbox (badness 10000) in paragraph at lines 45--47

 []


Underfull \hbox (badness 10000) in paragraph at lines 48--49

 []


Underfull \hbox (badness 10000) in paragraph at lines 50--51

 []


Underfull \hbox (badness 10000) in paragraph at lines 52--53

 []


Underfull \hbox (badness 10000) in paragraph at lines 54--55

 []


Underfull \hbox (badness 10000) in paragraph at lines 56--57

 []


Underfull \hbox (badness 10000) in paragraph at lines 59--62

 []


Underfull \hbox (badness 10000) in paragraph at lines 63--66

 []


Underfull \hbox (badness 10000) in paragraph at lines 67--69

 []


Underfull \hbox (badness 10000) in paragraph at lines 70--72

 []



[47 <./images/t1w10q1_a3.png>]
Underfull \hbox (badness 10000) in paragraph at lines 73--74

 []

<images/t1w10q3_a.png, id=434, 137.7647pt x 143.78719pt>
File: images/t1w10q3_a.png Graphic file (type png)
<use images/t1w10q3_a.png>
Package pdftex.def Info: images/t1w10q3_a.png  used on input line 79.
(pdftex.def)             Requested size: 117.43875pt x 122.5773pt.

Underfull \hbox (badness 10000) in paragraph at lines 82--86

 []


Underfull \hbox (badness 10000) in paragraph at lines 87--91

 []


Underfull \hbox (badness 10000) in paragraph at lines 92--99

 []


Underfull \hbox (badness 10000) in paragraph at lines 100--101

 []


Underfull \hbox (badness 10000) in paragraph at lines 103--109

 []



[48 <./images/t1w10q3_a.png>]
Underfull \hbox (badness 10000) in paragraph at lines 117--122

 []


Underfull \hbox (badness 10000) in paragraph at lines 123--126

 []


Underfull \hbox (badness 10000) in paragraph at lines 127--129

 []


Underfull \hbox (badness 10000) in paragraph at lines 130--133

 []


Underfull \hbox (badness 10000) in paragraph at lines 134--135

 []


Underfull \hbox (badness 10000) in paragraph at lines 136--137

 []

)

[49] (answers/term2week1.tex
Underfull \hbox (badness 10000) in paragraph at lines 7--8

 []


Underfull \hbox (badness 10000) in paragraph at lines 9--10

 []


Underfull \hbox (badness 10000) in paragraph at lines 11--12

 []


Underfull \hbox (badness 10000) in paragraph at lines 13--14

 []


Underfull \hbox (badness 10000) in paragraph at lines 15--16

 []


Underfull \hbox (badness 10000) in paragraph at lines 17--20

 []

<images/t2w1q2_a.png, id=451, 257.96375pt x 230.36063pt>
File: images/t2w1q2_a.png Graphic file (type png)
<use images/t2w1q2_a.png>
Package pdftex.def Info: images/t2w1q2_a.png  used on input line 25.
(pdftex.def)             Requested size: 117.43875pt x 104.87047pt.

Underfull \hbox (badness 10000) in paragraph at lines 27--30

 []


Underfull \hbox (badness 10000) in paragraph at lines 31--33

 []


Underfull \hbox (badness 10000) in paragraph at lines 34--36

 []


Underfull \hbox (badness 10000) in paragraph at lines 37--39

 []


Underfull \hbox (badness 10000) in paragraph at lines 40--42

 []



[50 <./images/t2w1q2_a.png>]
Underfull \hbox (badness 10000) in paragraph at lines 43--44

 []


Underfull \hbox (badness 10000) in paragraph at lines 45--48

 []


Underfull \hbox (badness 10000) in paragraph at lines 49--51

 []


Underfull \hbox (badness 10000) in paragraph at lines 55--57

 []


Underfull \hbox (badness 10000) in paragraph at lines 58--59

 []


Underfull \hbox (badness 10000) in paragraph at lines 60--63

 []

<images/t2w1q2_a2.png, id=460, 143.78719pt x 115.93312pt>
File: images/t2w1q2_a2.png Graphic file (type png)
<use images/t2w1q2_a2.png>
Package pdftex.def Info: images/t2w1q2_a2.png  used on input line 68.
(pdftex.def)             Requested size: 117.43875pt x 94.69073pt.

Underfull \hbox (badness 10000) in paragraph at lines 64--69

 []


Underfull \hbox (badness 10000) in paragraph at lines 72--74

 []

)

[51 <./images/t2w1q2_a2.png>] (answers/term2week2.tex
<images/t2w2q1_a.png, id=468, 130.98938pt x 79.04532pt>
File: images/t2w2q1_a.png Graphic file (type png)
<use images/t2w2q1_a.png>
Package pdftex.def Info: images/t2w2q1_a.png  used on input line 9.
(pdftex.def)             Requested size: 117.43875pt x 70.86993pt.

Underfull \hbox (badness 10000) in paragraph at lines 11--16

 []


Underfull \hbox (badness 10000) in paragraph at lines 17--18

 []


Underfull \hbox (badness 10000) in paragraph at lines 19--26

 []


Underfull \hbox (badness 10000) in paragraph at lines 30--34

 []


Underfull \hbox (badness 10000) in paragraph at lines 35--38

 []


Underfull \hbox (badness 10000) in paragraph at lines 39--40

 []



[52 <./images/t2w2q1_a.png>]
Underfull \hbox (badness 10000) in paragraph at lines 44--50

 []


Underfull \hbox (badness 10000) in paragraph at lines 51--55

 []


Underfull \hbox (badness 10000) in paragraph at lines 56--57

 []


Underfull \hbox (badness 10000) in paragraph at lines 58--59

 []


Underfull \hbox (badness 10000) in paragraph at lines 60--63

 []


Underfull \hbox (badness 10000) in paragraph at lines 65--68

 []


Underfull \hbox (badness 10000) in paragraph at lines 69--72

 []


Underfull \hbox (badness 10000) in paragraph at lines 73--76

 []


Underfull \hbox (badness 10000) in paragraph at lines 77--79

 []



[53]
Underfull \hbox (badness 10000) in paragraph at lines 80--83

 []


Underfull \hbox (badness 10000) in paragraph at lines 84--85

 []


Underfull \hbox (badness 10000) in paragraph at lines 87--89

 []


Underfull \hbox (badness 10000) in paragraph at lines 90--97

 []


Underfull \hbox (badness 10000) in paragraph at lines 98--99

 []


Underfull \hbox (badness 10000) in paragraph at lines 99--100

 []


Underfull \hbox (badness 10000) in paragraph at lines 101--103

 []


Underfull \hbox (badness 10000) in paragraph at lines 104--105

 []

<images/t2w1q4_a1.png, id=482, 587.19376pt x 206.7725pt>
File: images/t2w1q4_a1.png Graphic file (type png)
<use images/t2w1q4_a1.png>
Package pdftex.def Info: images/t2w1q4_a1.png  used on input line 110.
(pdftex.def)             Requested size: 352.31625pt x 124.06445pt.

Underfull \hbox (badness 10000) in paragraph at lines 113--120

 []



[54 <./images/t2w1q4_a1.png>]
Underfull \hbox (badness 10000) in paragraph at lines 121--129

 []

)

[55] (answers/term2week3.tex
Underfull \hbox (badness 10000) in paragraph at lines 7--8

 []


Underfull \hbox (badness 10000) in paragraph at lines 9--10

 []


Underfull \hbox (badness 10000) in paragraph at lines 11--12

 []


Underfull \hbox (badness 10000) in paragraph at lines 14--15

 []


Underfull \hbox (badness 10000) in paragraph at lines 16--20

 []


Underfull \hbox (badness 10000) in paragraph at lines 21--23

 []


Underfull \hbox (badness 10000) in paragraph at lines 24--25

 []


Underfull \hbox (badness 10000) in paragraph at lines 26--27

 []


Underfull \hbox (badness 10000) in paragraph at lines 28--29

 []


Underfull \hbox (badness 10000) in paragraph at lines 30--31

 []


Underfull \hbox (badness 10000) in paragraph at lines 32--33

 []


Underfull \hbox (badness 10000) in paragraph at lines 34--35

 []


Underfull \hbox (badness 10000) in paragraph at lines 36--37

 []


Underfull \hbox (badness 10000) in paragraph at lines 38--39

 []


Underfull \hbox (badness 10000) in paragraph at lines 40--41

 []



[56]
Underfull \hbox (badness 10000) in paragraph at lines 42--43

 []


Underfull \hbox (badness 10000) in paragraph at lines 44--45

 []


Underfull \hbox (badness 10000) in paragraph at lines 47--49

 []


Underfull \hbox (badness 10000) in paragraph at lines 50--52

 []


Underfull \hbox (badness 10000) in paragraph at lines 53--55

 []


Underfull \hbox (badness 10000) in paragraph at lines 56--59

 []


Underfull \hbox (badness 10000) in paragraph at lines 60--62

 []


Underfull \hbox (badness 10000) in paragraph at lines 63--66

 []


Underfull \hbox (badness 10000) in paragraph at lines 67--69

 []

<images/t2w3q4_a1.png, id=502, 72.27pt x 60.225pt>
File: images/t2w3q4_a1.png Graphic file (type png)
<use images/t2w3q4_a1.png>
Package pdftex.def Info: images/t2w3q4_a1.png  used on input line 74.
(pdftex.def)             Requested size: 117.43875pt x 97.87086pt.
<images/t2w3q4_a2.png, id=503, 152.57pt x 108.90688pt>
File: images/t2w3q4_a2.png Graphic file (type png)
<use images/t2w3q4_a2.png>
Package pdftex.def Info: images/t2w3q4_a2.png  used on input line 79.
(pdftex.def)             Requested size: 93.94957pt x 67.06456pt.


[57 <./images/t2w3q4_a1.png>]
<images/t2w3q4_a3.png, id=512, 166.12062pt x 140.525pt>
File: images/t2w3q4_a3.png Graphic file (type png)
<use images/t2w3q4_a3.png>
Package pdftex.def Info: images/t2w3q4_a3.png  used on input line 86.
(pdftex.def)             Requested size: 117.43875pt x 99.34459pt.
<images/t2w3q4_a4.png, id=513, 124.96687pt x 112.92188pt>
File: images/t2w3q4_a4.png Graphic file (type png)
<use images/t2w3q4_a4.png>
Package pdftex.def Info: images/t2w3q4_a4.png  used on input line 91.
(pdftex.def)             Requested size: 117.43875pt x 106.12244pt.
<images/t2w3q4_a5.png, id=514, 126.4725pt x 105.39375pt>
File: images/t2w3q4_a5.png Graphic file (type png)
<use images/t2w3q4_a5.png>
Package pdftex.def Info: images/t2w3q4_a5.png  used on input line 97.
(pdftex.def)             Requested size: 140.92793pt x 117.44193pt.

Underfull \hbox (badness 10000) in paragraph at lines 99--102

 []



[58 <./images/t2w3q4_a2.png> <./images/t2w3q4_a3.png> <./images/t2w3q4_a4.png> <./images/t2w3q4_a5.png>])

[59] (answers/term2week4.tex
Underfull \hbox (badness 10000) in paragraph at lines 7--8

 []


Underfull \hbox (badness 10000) in paragraph at lines 9--12

 []


Underfull \hbox (badness 10000) in paragraph at lines 13--16

 []


Underfull \hbox (badness 10000) in paragraph at lines 17--20

 []


Underfull \hbox (badness 10000) in paragraph at lines 22--23

 []


Underfull \hbox (badness 10000) in paragraph at lines 24--26

 []


Underfull \hbox (badness 10000) in paragraph at lines 27--29

 []


Underfull \hbox (badness 10000) in paragraph at lines 30--31

 []


Underfull \hbox (badness 10000) in paragraph at lines 32--35

 []


Underfull \hbox (badness 10000) in paragraph at lines 37--38

 []


Underfull \hbox (badness 10000) in paragraph at lines 39--40

 []


Underfull \hbox (badness 10000) in paragraph at lines 41--42

 []



[60]
Underfull \hbox (badness 10000) in paragraph at lines 43--44

 []


Underfull \hbox (badness 10000) in paragraph at lines 46--47

 []


Underfull \hbox (badness 10000) in paragraph at lines 48--49

 []


Underfull \hbox (badness 10000) in paragraph at lines 50--51

 []

)

[61] (answers/term2week5.tex
<images/t2w5q1_a1.png, id=545, 119.69719pt x 106.14656pt>
File: images/t2w5q1_a1.png Graphic file (type png)
<use images/t2w5q1_a1.png>
Package pdftex.def Info: images/t2w5q1_a1.png  used on input line 10.
(pdftex.def)             Requested size: 117.43875pt x 104.1444pt.
<images/t2w5q1_a2.png, id=546, 94.10156pt x 86.57344pt>
File: images/t2w5q1_a2.png Graphic file (type png)
<use images/t2w5q1_a2.png>
Package pdftex.def Info: images/t2w5q1_a2.png  used on input line 15.
(pdftex.def)             Requested size: 117.43875pt x 108.05138pt.

Underfull \hbox (badness 10000) in paragraph at lines 17--21

 []


Underfull \hbox (badness 10000) in paragraph at lines 22--27

 []


Underfull \hbox (badness 10000) in paragraph at lines 28--30

 []


Underfull \hbox (badness 10000) in paragraph at lines 31--35

 []



[62 <./images/t2w5q1_a1.png> <./images/t2w5q1_a2.png>]
Underfull \hbox (badness 10000) in paragraph at lines 36--38

 []


Underfull \hbox (badness 10000) in paragraph at lines 39--41

 []


Underfull \hbox (badness 10000) in paragraph at lines 43--44

 []


Underfull \hbox (badness 10000) in paragraph at lines 45--48

 []


Underfull \hbox (badness 10000) in paragraph at lines 49--51

 []


Underfull \hbox (badness 10000) in paragraph at lines 52--57

 []


Underfull \hbox (badness 10000) in paragraph at lines 58--60

 []


Underfull \hbox (badness 10000) in paragraph at lines 62--64

 []


Underfull \hbox (badness 10000) in paragraph at lines 65--68

 []


Underfull \hbox (badness 10000) in paragraph at lines 69--72

 []


Underfull \hbox (badness 10000) in paragraph at lines 73--76

 []



[63]
Underfull \hbox (badness 10000) in paragraph at lines 77--78

 []


Underfull \hbox (badness 10000) in paragraph at lines 79--82

 []


Underfull \hbox (badness 10000) in paragraph at lines 83--84

 []

)

[64] (answers/term2week6.tex
<images/t2w6q1_2.png, id=567, 262.48062pt x 253.44687pt>
File: images/t2w6q1_2.png Graphic file (type png)
<use images/t2w6q1_2.png>
Package pdftex.def Info: images/t2w6q1_2.png  used on input line 12.
(pdftex.def)             Requested size: 93.94957pt x 90.71484pt.
<images/t2w6q1_3.png, id=568, 509.40312pt x 393.47pt>
File: images/t2w6q1_3.png Graphic file (type png)
<use images/t2w6q1_3.png>
Package pdftex.def Info: images/t2w6q1_3.png  used on input line 15.
(pdftex.def)             Requested size: 131.52882pt x 101.59132pt.

Underfull \hbox (badness 10000) in paragraph at lines 19--20

 []


Underfull \hbox (badness 10000) in paragraph at lines 21--23

 []


Underfull \hbox (badness 10000) in paragraph at lines 24--26

 []


Underfull \hbox (badness 10000) in paragraph at lines 27--30

 []


Underfull \hbox (badness 10000) in paragraph at lines 31--35

 []


Underfull \hbox (badness 10000) in paragraph at lines 36--37

 []


Underfull \hbox (badness 10000) in paragraph at lines 38--40

 []


Underfull \hbox (badness 10000) in paragraph at lines 41--43

 []


Underfull \hbox (badness 10000) in paragraph at lines 44--47

 []



[65 <./images/t2w6q1_2.png> <./images/t2w6q1_3.png>]
Underfull \hbox (badness 10000) in paragraph at lines 48--49

 []


Underfull \hbox (badness 10000) in paragraph at lines 50--53

 []


Underfull \hbox (badness 10000) in paragraph at lines 54--57

 []


Underfull \hbox (badness 10000) in paragraph at lines 63--69

 []


Underfull \hbox (badness 10000) in paragraph at lines 70--72

 []


Underfull \hbox (badness 10000) in paragraph at lines 73--75

 []


Underfull \hbox (badness 10000) in paragraph at lines 76--79

 []


Underfull \hbox (badness 10000) in paragraph at lines 80--82

 []


Underfull \hbox (badness 10000) in paragraph at lines 91--92

 []



[66]
Underfull \hbox (badness 10000) in paragraph at lines 93--94

 []


Underfull \hbox (badness 10000) in paragraph at lines 95--96

 []


Underfull \hbox (badness 10000) in paragraph at lines 97--98

 []


Underfull \hbox (badness 10000) in paragraph at lines 99--100

 []


Underfull \hbox (badness 10000) in paragraph at lines 101--102

 []


Underfull \hbox (badness 10000) in paragraph at lines 103--104

 []


Underfull \hbox (badness 10000) in paragraph at lines 105--106

 []


Underfull \hbox (badness 10000) in paragraph at lines 107--110

 []


Underfull \hbox (badness 10000) in paragraph at lines 111--118

 []


Underfull \hbox (badness 10000) in paragraph at lines 120--122

 []


Underfull \hbox (badness 10000) in paragraph at lines 123--125

 []


Underfull \hbox (badness 10000) in paragraph at lines 126--128

 []


Underfull \hbox (badness 10000) in paragraph at lines 129--130

 []


Underfull \hbox (badness 10000) in paragraph at lines 131--132

 []



[67]
Underfull \hbox (badness 10000) in paragraph at lines 133--134

 []


Underfull \hbox (badness 10000) in paragraph at lines 135--136

 []


Underfull \hbox (badness 10000) in paragraph at lines 137--138

 []


Underfull \hbox (badness 10000) in paragraph at lines 139--141

 []

)

[68] (answers/term2week7.tex
Underfull \hbox (badness 10000) in paragraph at lines 7--8

 []


Underfull \hbox (badness 10000) in paragraph at lines 9--11

 []


Underfull \hbox (badness 10000) in paragraph at lines 12--13

 []


Underfull \hbox (badness 10000) in paragraph at lines 14--15

 []


Underfull \hbox (badness 10000) in paragraph at lines 16--18

 []


Underfull \hbox (badness 10000) in paragraph at lines 19--22

 []


Underfull \hbox (badness 10000) in paragraph at lines 23--27

 []


Underfull \hbox (badness 10000) in paragraph at lines 28--29

 []


Underfull \hbox (badness 10000) in paragraph at lines 30--33

 []


Underfull \hbox (badness 10000) in paragraph at lines 34--38

 []


Underfull \hbox (badness 10000) in paragraph at lines 39--40

 []


Underfull \hbox (badness 10000) in paragraph at lines 41--44

 []



[69]
Underfull \hbox (badness 10000) in paragraph at lines 45--47

 []


Underfull \hbox (badness 10000) in paragraph at lines 48--49

 []


Underfull \hbox (badness 10000) in paragraph at lines 50--53

 []


Underfull \hbox (badness 10000) in paragraph at lines 54--55

 []


Underfull \hbox (badness 10000) in paragraph at lines 56--57

 []


Underfull \hbox (badness 10000) in paragraph at lines 83--93

 []



[70]
Underfull \hbox (badness 10000) in paragraph at lines 94--104

 []


Underfull \hbox (badness 10000) in paragraph at lines 105--107

 []


Underfull \hbox (badness 10000) in paragraph at lines 109--115

 []


Underfull \hbox (badness 10000) in paragraph at lines 116--120

 []


Underfull \hbox (badness 10000) in paragraph at lines 121--124

 []


Underfull \hbox (badness 10000) in paragraph at lines 125--131

 []


Underfull \hbox (badness 10000) in paragraph at lines 132--134

 []

)

[71] (answers/term2week8.tex
<answers/../images/t2w8q1a.png, id=611, 226.34563pt x 142.03062pt>
File: answers/../images/t2w8q1a.png Graphic file (type png)
<use answers/../images/t2w8q1a.png>
Package pdftex.def Info: answers/../images/t2w8q1a.png  used on input line 21.
(pdftex.def)             Requested size: 117.43875pt x 73.69162pt.


[72 <./answers/../images/t2w8q1a.png>]
Underfull \hbox (badness 10000) in paragraph at lines 68--74

 []



[73]
<images/t2w8q3a1.png, id=625, 289.58188pt x 197.23688pt>
File: images/t2w8q3a1.png Graphic file (type png)
<use images/t2w8q3a1.png>
Package pdftex.def Info: images/t2w8q3a1.png  used on input line 137.
(pdftex.def)             Requested size: 117.43875pt x 79.98883pt.
<images/t2w8q3a2.png, id=626, 288.07625pt x 194.7275pt>
File: images/t2w8q3a2.png Graphic file (type png)
<use images/t2w8q3a2.png>
Package pdftex.def Info: images/t2w8q3a2.png  used on input line 144.
(pdftex.def)             Requested size: 117.43875pt x 79.38417pt.
<images/t2w8q3a3.png, id=627, 294.09875pt x 205.26688pt>
File: images/t2w8q3a3.png Graphic file (type png)
<use images/t2w8q3a3.png>
Package pdftex.def Info: images/t2w8q3a3.png  used on input line 151.
(pdftex.def)             Requested size: 117.43875pt x 81.96747pt.
<images/t2w8q3a4.png, id=628, 289.08pt x 197.73875pt>
File: images/t2w8q3a4.png Graphic file (type png)
<use images/t2w8q3a4.png>
Package pdftex.def Info: images/t2w8q3a4.png  used on input line 158.
(pdftex.def)             Requested size: 117.43875pt x 80.33116pt.


[74 <./images/t2w8q3a1.png> <./images/t2w8q3a2.png> <./images/t2w8q3a3.png>]
<images/t2w8q3a5.png, id=640, 101.37875pt x 88.83188pt>
File: images/t2w8q3a5.png Graphic file (type png)
<use images/t2w8q3a5.png>
Package pdftex.def Info: images/t2w8q3a5.png  used on input line 165.
(pdftex.def)             Requested size: 70.46037pt x 61.74135pt.
<images/t2w8q4a1.png, id=641, 522.45187pt x 297.11pt>
File: images/t2w8q4a1.png Graphic file (type png)
<use images/t2w8q4a1.png>
Package pdftex.def Info: images/t2w8q4a1.png  used on input line 189.
(pdftex.def)             Requested size: 281.85587pt x 160.2874pt.
<images/t2w8q4a2.png, id=642, 188.705pt x 212.795pt>
File: images/t2w8q4a2.png Graphic file (type png)
<use images/t2w8q4a2.png>
Package pdftex.def Info: images/t2w8q4a2.png  used on input line 196.
(pdftex.def)             Requested size: 117.43875pt x 132.43156pt.


[75 <./images/t2w8q3a4.png> <./images/t2w8q3a5.png> <./images/t2w8q4a1.png>])

[76 <./images/t2w8q4a2.png>] (main.aux)
 ***********
LaTeX2e <2024-06-01> patch level 1
L3 programming layer <2024-05-27>
 ***********
Package rerunfilecheck Info: File `main.out' has not changed.
(rerunfilecheck)             Checksum: D41D8CD98F00B204E9800998ECF8427E;0.
 ) 
Here is how much of TeX's memory you used:
 13145 strings out of 473919
 221280 string characters out of 5727897
 1947908 words of memory out of 5000000
 35414 multiletter control sequences out of 15000+600000
 568185 words of font info for 74 fonts, out of 8000000 for 9000
 1141 hyphenation exceptions out of 8191
 69i,13n,79p,1301b,664s stack positions out of 10000i,1000n,20000p,200000b,200000s
 <C:\Users\pad\AppData\Local\MiKTeX\fonts/pk/ljfour/jknappen/ec/dpi600\tcrm1200.pk><C:/Users/pad/AppData/Local/Programs/MiKTeX/fonts/type1/public/amsfonts/cm/cmbx12.pfb><C:/Users/pad/AppData/Local/Programs/MiKTeX/fonts/type1/public/amsfonts/cm/cmex10.pfb><C:/Users/pad/AppData/Local/Programs/MiKTeX/fonts/type1/public/amsfonts/cmextra/cmex8.pfb><C:/Users/pad/AppData/Local/Programs/MiKTeX/fonts/type1/public/amsfonts/cm/cmmi12.pfb><C:/Users/pad/AppData/Local/Programs/MiKTeX/fonts/type1/public/amsfonts/cm/cmmi6.pfb><C:/Users/pad/AppData/Local/Programs/MiKTeX/fonts/type1/public/amsfonts/cm/cmmi8.pfb><C:/Users/pad/AppData/Local/Programs/MiKTeX/fonts/type1/public/amsfonts/cm/cmr12.pfb><C:/Users/pad/AppData/Local/Programs/MiKTeX/fonts/type1/public/amsfonts/cm/cmr17.pfb><C:/Users/pad/AppData/Local/Programs/MiKTeX/fonts/type1/public/amsfonts/cm/cmr6.pfb><C:/Users/pad/AppData/Local/Programs/MiKTeX/fonts/type1/public/amsfonts/cm/cmr8.pfb><C:/Users/pad/AppData/Local/Programs/MiKTeX/fonts/type1/public/amsfonts/cm/cmsy10.pfb><C:/Users/pad/AppData/Local/Programs/MiKTeX/fonts/type1/public/amsfonts/cm/cmsy6.pfb><C:/Users/pad/AppData/Local/Programs/MiKTeX/fonts/type1/public/amsfonts/cm/cmsy8.pfb><C:/Users/pad/AppData/Local/Programs/MiKTeX/fonts/type1/public/amsfonts/cm/cmti12.pfb><C:/Users/pad/AppData/Local/Programs/MiKTeX/fonts/type1/public/amsfonts/symbols/msam10.pfb><C:/Users/pad/AppData/Local/Programs/MiKTeX/fonts/type1/public/amsfonts/symbols/msbm10.pfb>
Output written on main.pdf (76 pages, 1314059 bytes).
PDF statistics:
 791 PDF objects out of 1000 (max. 8388607)
 270 named destinations out of 1000 (max. 500000)
 321 words of extra memory for PDF output out of 10000 (max. 10000000)

