\BOOKMARK [1][-]{section.1}{\376\377\000B\000i\000n\000o\000m\000i\000a\000l\000\040\000e\000x\000p\000a\000n\000s\000i\000o\000n}{}% 1
\BOOKMARK [1][-]{section.2}{\376\377\000P\000a\000r\000t\000i\000a\000l\000\040\000f\000r\000a\000c\000t\000i\000o\000n\000s}{}% 2
\BOOKMARK [1][-]{section.3}{\376\377\000E\000x\000a\000c\000t\000\040\000t\000r\000i\000g\000\040\000v\000a\000l\000u\000e\000s}{}% 3
\BOOKMARK [1][-]{section.4}{\376\377\000I\000m\000p\000l\000i\000c\000i\000t\000\040\000d\000i\000f\000f\000e\000r\000e\000n\000t\000i\000a\000t\000i\000o\000n}{}% 4
\BOOKMARK [1][-]{section.5}{\376\377\000S\000u\000m\000\040\000o\000f\000\040\000r\000o\000o\000t\000s\000\040\000o\000f\000\040\000p\000o\000l\000y\000n\000o\000m\000i\000a\000l\000s}{}% 5
\BOOKMARK [1][-]{section.6}{\376\377\000S\000u\000m\000\040\000a\000n\000d\000\040\000d\000i\000f\000f\000e\000r\000e\000n\000c\000e\000\040\000o\000f\000\040\000c\000u\000b\000e\000s}{}% 6
\BOOKMARK [1][-]{section.7}{\376\377\000C\000o\000m\000b\000i\000n\000a\000t\000i\000o\000n\000s\000\040\000a\000n\000d\000\040\000p\000e\000r\000m\000u\000t\000a\000t\000i\000o\000n\000s}{}% 7
\BOOKMARK [1][-]{section.8}{\376\377\000T\000u\000r\000n\000i\000n\000g\000\040\000e\000q\000u\000a\000t\000i\000o\000n\000s\000\040\000i\000n\000t\000o\000\040\000q\000u\000a\000d\000r\000a\000t\000i\000c\000s}{}% 8
\BOOKMARK [1][-]{section.9}{\376\377\000E\000n\000d\000l\000e\000s\000s\000\040\000s\000u\000m\000s}{}% 9
\BOOKMARK [1][-]{section.10}{\376\377\000T\000e\000l\000e\000s\000c\000o\000p\000i\000n\000g\000\040\000S\000u\000m\000s}{}% 10
\BOOKMARK [1][-]{section.11}{\376\377\000L\000o\000g\000\040\000p\000r\000o\000b\000l\000e\000m\000s}{}% 11
\BOOKMARK [1][-]{section.12}{\376\377\000E\000u\000l\000e\000r\000'\000s\000\040\000F\000o\000r\000m\000u\000l\000a}{}% 12
\BOOKMARK [1][-]{section.13}{\376\377\000I\000n\000t\000e\000g\000r\000a\000t\000i\000o\000n\000\040\000b\000y\000\040\000p\000a\000r\000t\000s}{}% 13
\BOOKMARK [1][-]{section.14}{\376\377\000I\000n\000t\000e\000g\000r\000a\000t\000i\000o\000n\000\040\000b\000y\000\040\000p\000a\000r\000t\000s\000\040\000-\000\040\000D\000I\000\040\000M\000e\000t\000h\000o\000d}{}% 14
\BOOKMARK [1][-]{section.15}{\376\377\000T\000h\000e\000\040\000C\000a\000m\000e\000l\000\040\000P\000r\000i\000n\000c\000i\000p\000l\000e}{}% 15
\BOOKMARK [1][-]{section.16}{\376\377\000T\000r\000i\000g\000\040\000s\000u\000b\000s\000t\000i\000t\000u\000t\000i\000o\000n\000s\000\040\000f\000o\000r\000\040\000i\000n\000t\000e\000g\000r\000a\000t\000i\000o\000n}{}% 16
\BOOKMARK [1][-]{section.17}{\376\377\000K\000i\000n\000g\000\040\000r\000u\000l\000e\000\040\000f\000o\000r\000\040\000i\000n\000t\000e\000g\000r\000a\000t\000i\000o\000n}{}% 17
\BOOKMARK [1][-]{section.18}{\376\377\000P\000a\000r\000a\000m\000e\000t\000r\000i\000c\000\040\000i\000n\000t\000e\000g\000r\000a\000t\000i\000o\000n}{}% 18
\BOOKMARK [1][-]{section.19}{\376\377\000V\000o\000l\000u\000m\000e\000s\000\040\000o\000f\000\040\000r\000e\000v\000o\000l\000u\000t\000i\000o\000n}{}% 19
\BOOKMARK [1][-]{section.20}{\376\377\000A\000r\000c\000\040\000l\000e\000n\000g\000t\000h}{}% 20
\BOOKMARK [1][-]{section.21}{\376\377\000S\000u\000r\000f\000a\000c\000e\000\040\000o\000f\000\040\000r\000e\000v\000o\000l\000u\000t\000i\000o\000n}{}% 21
\BOOKMARK [1][-]{section.22}{\376\377\000D\000i\000f\000f\000e\000r\000e\000n\000t\000i\000a\000l\000\040\000e\000q\000u\000a\000t\000i\000o\000n\000s}{}% 22
\BOOKMARK [1][-]{section.23}{\376\377\000I\000n\000t\000e\000g\000r\000a\000t\000i\000n\000g\000\040\000f\000a\000c\000t\000o\000r\000\040\000m\000e\000t\000h\000o\000d}{}% 23
\BOOKMARK [1][-]{section.24}{\376\377\000M\000i\000x\000i\000n\000g\000\040\000p\000r\000o\000b\000l\000e\000m\000s}{}% 24
\BOOKMARK [1][-]{section.25}{\376\377\000E\000v\000a\000l\000u\000a\000t\000i\000n\000g\000\040\000l\000i\000m\000i\000t\000s}{}% 25
